# JRE version: OpenJDK Runtime Environment Temurin-17.0.17+10 (17.0.17+10) (build 17.0.17+10)
# Java VM: OpenJDK 64-Bit Server VM Temurin-17.0.17+10 (17.0.17+10, mixed mode, emulated-client, sharing, tiered, compressed oops, compressed class ptrs, g1 gc, windows-amd64)
GC Precious Log:
 CPUs: 12 total, 12 available
 Memory: 7963M
 Large Page Support: Disabled
 NUMA Support: Disabled
 Compressed Oops: Enabled (32-bit)
 Heap Region Size: 1M
 Heap Min Capacity: 8M
 Heap Initial Capacity: 126M
 Heap Max Capacity: 1992M
 Pre-touch: Disabled
 Parallel Workers: 10
 Concurrent Workers: 3
 Concurrent Refinement Workers: 10
 Periodic GC: Disabled
Heap:
 garbage-first heap   total 71680K, used 20931K [0x0000000083800000, 0x0000000100000000)
  region size 1024K, 2 young (2048K), 1 survivors (1024K)
 Metaspace       used 43889K, committed 44288K, reserved 1114112K
  class space    used 6083K, committed 6272K, reserved 1048576K
GC Heap History (18 events):
Event: 0.447 GC heap before
{Heap before GC invocations=0 (full 0):
 garbage-first heap   total 129024K, used 24576K [0x0000000083800000, 0x0000000100000000)
  region size 1024K, 23 young (23552K), 0 survivors (0K)
 Metaspace       used 5209K, committed 5312K, reserved 1114112K
  class space    used 702K, committed 768K, reserved 1048576K
}
Event: 0.450 GC heap after
{Heap after GC invocations=1 (full 0):
 garbage-first heap   total 129024K, used 6525K [0x0000000083800000, 0x0000000100000000)
  region size 1024K, 3 young (3072K), 3 survivors (3072K)
 Metaspace       used 5209K, committed 5312K, reserved 1114112K
  class space    used 702K, committed 768K, reserved 1048576K
}
Event: 0.759 GC heap before
{Heap before GC invocations=1 (full 0):
 garbage-first heap   total 129024K, used 35197K [0x0000000083800000, 0x0000000100000000)
  region size 1024K, 32 young (32768K), 3 survivors (3072K)
 Metaspace       used 11681K, committed 11904K, reserved 1114112K
  class space    used 1563K, committed 1664K, reserved 1048576K
}
Event: 0.763 GC heap after
{Heap after GC invocations=2 (full 0):
 garbage-first heap   total 129024K, used 8867K [0x0000000083800000, 0x0000000100000000)
  region size 1024K, 3 young (3072K), 3 survivors (3072K)
 Metaspace       used 11681K, committed 11904K, reserved 1114112K
  class space    used 1563K, committed 1664K, reserved 1048576K
}
Event: 1.539 GC heap before
{Heap before GC invocations=2 (full 0):
 garbage-first heap   total 129024K, used 76451K [0x0000000083800000, 0x0000000100000000)
  region size 1024K, 71 young (72704K), 3 survivors (3072K)
 Metaspace       used 21158K, committed 21504K, reserved 1114112K
  class space    used 2955K, committed 3136K, reserved 1048576K
}
Event: 1.547 GC heap after
{Heap after GC invocations=3 (full 0):
 garbage-first heap   total 129024K, used 14101K [0x0000000083800000, 0x0000000100000000)
  region size 1024K, 8 young (8192K), 8 survivors (8192K)
 Metaspace       used 21158K, committed 21504K, reserved 1114112K
  class space    used 2955K, committed 3136K, reserved 1048576K
}
Event: 1.892 GC heap before
{Heap before GC invocations=4 (full 0):
 garbage-first heap   total 55296K, used 38677K [0x0000000083800000, 0x0000000100000000)
  region size 1024K, 32 young (32768K), 8 survivors (8192K)
 Metaspace       used 25475K, committed 25920K, reserved 1114112K
  class space    used 3566K, committed 3776K, reserved 1048576K
}
Event: 1.902 GC heap after
{Heap after GC invocations=5 (full 0):
 garbage-first heap   total 55296K, used 16411K [0x0000000083800000, 0x0000000100000000)
  region size 1024K, 3 young (3072K), 3 survivors (3072K)
 Metaspace       used 25475K, committed 25920K, reserved 1114112K
  class space    used 3566K, committed 3776K, reserved 1048576K
}
Event: 1.923 GC heap before
{Heap before GC invocations=5 (full 0):
 garbage-first heap   total 55296K, used 17435K [0x0000000083800000, 0x0000000100000000)
  region size 1024K, 4 young (4096K), 3 survivors (3072K)
 Metaspace       used 25647K, committed 26048K, reserved 1114112K
  class space    used 3588K, committed 3776K, reserved 1048576K
}
Event: 1.926 GC heap after
{Heap after GC invocations=6 (full 0):
 garbage-first heap   total 55296K, used 16964K [0x0000000083800000, 0x0000000100000000)
  region size 1024K, 1 young (1024K), 1 survivors (1024K)
 Metaspace       used 25647K, committed 26048K, reserved 1114112K
  class space    used 3588K, committed 3776K, reserved 1048576K
}
Event: 2.390 GC heap before
{Heap before GC invocations=6 (full 0):
 garbage-first heap   total 55296K, used 38468K [0x0000000083800000, 0x0000000100000000)
  region size 1024K, 22 young (22528K), 1 survivors (1024K)
 Metaspace       used 33606K, committed 34112K, reserved 1114112K
  class space    used 4577K, committed 4800K, reserved 1048576K
}
Event: 2.393 GC heap after
{Heap after GC invocations=7 (full 0):
 garbage-first heap   total 88064K, used 18727K [0x0000000083800000, 0x0000000100000000)
  region size 1024K, 3 young (3072K), 3 survivors (3072K)
 Metaspace       used 33606K, committed 34112K, reserved 1114112K
  class space    used 4577K, committed 4800K, reserved 1048576K
}
Event: 2.532 GC heap before
{Heap before GC invocations=7 (full 0):
 garbage-first heap   total 88064K, used 27943K [0x0000000083800000, 0x0000000100000000)
  region size 1024K, 13 young (13312K), 3 survivors (3072K)
 Metaspace       used 35512K, committed 35968K, reserved 1114112K
  class space    used 4822K, committed 5056K, reserved 1048576K
}
Event: 2.534 GC heap after
{Heap after GC invocations=8 (full 0):
 garbage-first heap   total 88064K, used 19413K [0x0000000083800000, 0x0000000100000000)
  region size 1024K, 3 young (3072K), 3 survivors (3072K)
 Metaspace       used 35512K, committed 35968K, reserved 1114112K
  class space    used 4822K, committed 5056K, reserved 1048576K
}
Event: 3.152 GC heap before
{Heap before GC invocations=9 (full 0):
 garbage-first heap   total 71680K, used 59349K [0x0000000083800000, 0x0000000100000000)
  region size 1024K, 42 young (43008K), 3 survivors (3072K)
 Metaspace       used 43374K, committed 43840K, reserved 1114112K
  class space    used 6038K, committed 6272K, reserved 1048576K
}
Event: 3.155 GC heap after
{Heap after GC invocations=10 (full 0):
 garbage-first heap   total 71680K, used 21319K [0x0000000083800000, 0x0000000100000000)
  region size 1024K, 5 young (5120K), 5 survivors (5120K)
 Metaspace       used 43374K, committed 43840K, reserved 1114112K
  class space    used 6038K, committed 6272K, reserved 1048576K
}
Event: 3.167 GC heap before
{Heap before GC invocations=10 (full 0):
 garbage-first heap   total 71680K, used 22343K [0x0000000083800000, 0x0000000100000000)
  region size 1024K, 6 young (6144K), 5 survivors (5120K)
 Metaspace       used 43641K, committed 44096K, reserved 1114112K
  class space    used 6066K, committed 6272K, reserved 1048576K
}
Event: 3.170 GC heap after
{Heap after GC invocations=11 (full 0):
 garbage-first heap   total 71680K, used 20931K [0x0000000083800000, 0x0000000100000000)
  region size 1024K, 1 young (1024K), 1 survivors (1024K)
 Metaspace       used 43641K, committed 44096K, reserved 1114112K
  class space    used 6066K, committed 6272K, reserved 1048576K
}

