# JRE version: OpenJDK Runtime Environment Temurin-17.0.17+10 (17.0.17+10) (build 17.0.17+10)
# Java VM: OpenJDK 64-Bit Server VM Temurin-17.0.17+10 (17.0.17+10, mixed mode, emulated-client, sharing, tiered, compressed oops, compressed class ptrs, g1 gc, windows-amd64)
GC Precious Log:
 CPUs: 12 total, 12 available
 Memory: 7963M
 Large Page Support: Disabled
 NUMA Support: Disabled
 Compressed Oops: Enabled (32-bit)
 Heap Region Size: 1M
 Heap Min Capacity: 8M
 Heap Initial Capacity: 126M
 Heap Max Capacity: 1992M
 Pre-touch: Disabled
 Parallel Workers: 10
 Concurrent Workers: 3
 Concurrent Refinement Workers: 10
 Periodic GC: Disabled
Heap:
 garbage-first heap   total 101376K, used 48321K [0x0000000083800000, 0x0000000100000000)
  region size 1024K, 30 young (30720K), 3 survivors (3072K)
 Metaspace       used 56858K, committed 57344K, reserved 1114112K
  class space    used 8109K, committed 8320K, reserved 1048576K
GC Heap History (20 events):
Event: 0.459 GC heap before
{Heap before GC invocations=0 (full 0):
 garbage-first heap   total 129024K, used 23552K [0x0000000083800000, 0x0000000100000000)
  region size 1024K, 23 young (23552K), 0 survivors (0K)
 Metaspace       used 5260K, committed 5376K, reserved 1114112K
  class space    used 710K, committed 768K, reserved 1048576K
}
Event: 0.463 GC heap after
{Heap after GC invocations=1 (full 0):
 garbage-first heap   total 129024K, used 6529K [0x0000000083800000, 0x0000000100000000)
  region size 1024K, 3 young (3072K), 3 survivors (3072K)
 Metaspace       used 5260K, committed 5376K, reserved 1114112K
  class space    used 710K, committed 768K, reserved 1048576K
}
Event: 0.727 GC heap before
{Heap before GC invocations=1 (full 0):
 garbage-first heap   total 129024K, used 35201K [0x0000000083800000, 0x0000000100000000)
  region size 1024K, 32 young (32768K), 3 survivors (3072K)
 Metaspace       used 11716K, committed 11904K, reserved 1114112K
  class space    used 1575K, committed 1664K, reserved 1048576K
}
Event: 0.731 GC heap after
{Heap after GC invocations=2 (full 0):
 garbage-first heap   total 129024K, used 8901K [0x0000000083800000, 0x0000000100000000)
  region size 1024K, 3 young (3072K), 3 survivors (3072K)
 Metaspace       used 11716K, committed 11904K, reserved 1114112K
  class space    used 1575K, committed 1664K, reserved 1048576K
}
Event: 1.461 GC heap before
{Heap before GC invocations=2 (full 0):
 garbage-first heap   total 129024K, used 75461K [0x0000000083800000, 0x0000000100000000)
  region size 1024K, 70 young (71680K), 3 survivors (3072K)
 Metaspace       used 21158K, committed 21504K, reserved 1114112K
  class space    used 2955K, committed 3136K, reserved 1048576K
}
Event: 1.469 GC heap after
{Heap after GC invocations=3 (full 0):
 garbage-first heap   total 129024K, used 14129K [0x0000000083800000, 0x0000000100000000)
  region size 1024K, 8 young (8192K), 8 survivors (8192K)
 Metaspace       used 21158K, committed 21504K, reserved 1114112K
  class space    used 2955K, committed 3136K, reserved 1048576K
}
Event: 1.802 GC heap before
{Heap before GC invocations=4 (full 0):
 garbage-first heap   total 55296K, used 38705K [0x0000000083800000, 0x0000000100000000)
  region size 1024K, 32 young (32768K), 8 survivors (8192K)
 Metaspace       used 25450K, committed 25856K, reserved 1114112K
  class space    used 3564K, committed 3776K, reserved 1048576K
}
Event: 1.816 GC heap after
{Heap after GC invocations=5 (full 0):
 garbage-first heap   total 55296K, used 16367K [0x0000000083800000, 0x0000000100000000)
  region size 1024K, 3 young (3072K), 3 survivors (3072K)
 Metaspace       used 25450K, committed 25856K, reserved 1114112K
  class space    used 3564K, committed 3776K, reserved 1048576K
}
Event: 1.834 GC heap before
{Heap before GC invocations=5 (full 0):
 garbage-first heap   total 55296K, used 17391K [0x0000000083800000, 0x0000000100000000)
  region size 1024K, 4 young (4096K), 3 survivors (3072K)
 Metaspace       used 25600K, committed 26048K, reserved 1114112K
  class space    used 3581K, committed 3776K, reserved 1048576K
}
Event: 1.839 GC heap after
{Heap after GC invocations=6 (full 0):
 garbage-first heap   total 55296K, used 16451K [0x0000000083800000, 0x0000000100000000)
  region size 1024K, 1 young (1024K), 1 survivors (1024K)
 Metaspace       used 25600K, committed 26048K, reserved 1114112K
  class space    used 3581K, committed 3776K, reserved 1048576K
}
Event: 2.245 GC heap before
{Heap before GC invocations=6 (full 0):
 garbage-first heap   total 55296K, used 37955K [0x0000000083800000, 0x0000000100000000)
  region size 1024K, 22 young (22528K), 1 survivors (1024K)
 Metaspace       used 33545K, committed 34048K, reserved 1114112K
  class space    used 4570K, committed 4800K, reserved 1048576K
}
Event: 2.248 GC heap after
{Heap after GC invocations=7 (full 0):
 garbage-first heap   total 55296K, used 18172K [0x0000000083800000, 0x0000000100000000)
  region size 1024K, 3 young (3072K), 3 survivors (3072K)
 Metaspace       used 33545K, committed 34048K, reserved 1114112K
  class space    used 4570K, committed 4800K, reserved 1048576K
}
Event: 2.393 GC heap before
{Heap before GC invocations=7 (full 0):
 garbage-first heap   total 55296K, used 26364K [0x0000000083800000, 0x0000000100000000)
  region size 1024K, 13 young (13312K), 3 survivors (3072K)
 Metaspace       used 35513K, committed 35968K, reserved 1114112K
  class space    used 4822K, committed 5056K, reserved 1048576K
}
Event: 2.396 GC heap after
{Heap after GC invocations=8 (full 0):
 garbage-first heap   total 55296K, used 18824K [0x0000000083800000, 0x0000000100000000)
  region size 1024K, 1 young (1024K), 1 survivors (1024K)
 Metaspace       used 35513K, committed 35968K, reserved 1114112K
  class space    used 4822K, committed 5056K, reserved 1048576K
}
Event: 2.671 GC heap before
{Heap before GC invocations=9 (full 0):
 garbage-first heap   total 55296K, used 40328K [0x0000000083800000, 0x0000000100000000)
  region size 1024K, 22 young (22528K), 1 survivors (1024K)
 Metaspace       used 39324K, committed 39808K, reserved 1114112K
  class space    used 5458K, committed 5696K, reserved 1048576K
}
Event: 2.673 GC heap after
{Heap after GC invocations=10 (full 0):
 garbage-first heap   total 101376K, used 19779K [0x0000000083800000, 0x0000000100000000)
  region size 1024K, 2 young (2048K), 2 survivors (2048K)
 Metaspace       used 39324K, committed 39808K, reserved 1114112K
  class space    used 5458K, committed 5696K, reserved 1048576K
}
Event: 2.697 GC heap before
{Heap before GC invocations=10 (full 0):
 garbage-first heap   total 101376K, used 20803K [0x0000000083800000, 0x0000000100000000)
  region size 1024K, 4 young (4096K), 2 survivors (2048K)
 Metaspace       used 39899K, committed 40320K, reserved 1114112K
  class space    used 5535K, committed 5760K, reserved 1048576K
}
Event: 2.699 GC heap after
{Heap after GC invocations=11 (full 0):
 garbage-first heap   total 101376K, used 19721K [0x0000000083800000, 0x0000000100000000)
  region size 1024K, 1 young (1024K), 1 survivors (1024K)
 Metaspace       used 39899K, committed 40320K, reserved 1114112K
  class space    used 5535K, committed 5760K, reserved 1048576K
}
Event: 3.585 GC heap before
{Heap before GC invocations=11 (full 0):
 garbage-first heap   total 101376K, used 76041K [0x0000000083800000, 0x0000000100000000)
  region size 1024K, 56 young (57344K), 1 survivors (1024K)
 Metaspace       used 52438K, committed 52928K, reserved 1114112K
  class space    used 7492K, committed 7744K, reserved 1048576K
}
Event: 3.588 GC heap after
{Heap after GC invocations=12 (full 0):
 garbage-first heap   total 101376K, used 21697K [0x0000000083800000, 0x0000000100000000)
  region size 1024K, 3 young (3072K), 3 survivors (3072K)
 Metaspace       used 52438K, committed 52928K, reserved 1114112K
  class space    used 7492K, committed 7744K, reserved 1048576K
}

