# JRE version: OpenJDK Runtime Environment Temurin-17.0.17+10 (17.0.17+10) (build 17.0.17+10)
# Java VM: OpenJDK 64-Bit Server VM Temurin-17.0.17+10 (17.0.17+10, mixed mode, sharing, tiered, compressed oops, compressed class ptrs, g1 gc, windows-amd64)
GC Precious Log:
 CPUs: 12 total, 12 available
 Memory: 7963M
 Large Page Support: Disabled
 NUMA Support: Disabled
 Compressed Oops: Enabled (32-bit)
 Heap Region Size: 1M
 Heap Min Capacity: 8M
 Heap Initial Capacity: 126M
 Heap Max Capacity: 2G
 Pre-touch: Disabled
 Parallel Workers: 10
 Concurrent Workers: 3
 Concurrent Refinement Workers: 10
 Periodic GC: Disabled
Heap:
 garbage-first heap   total 107520K, used 37483K [0x0000000080000000, 0x0000000100000000)
  region size 1024K, 7 young (7168K), 5 survivors (5120K)
 Metaspace       used 47696K, committed 48256K, reserved 1114112K
  class space    used 6784K, committed 7040K, reserved 1048576K
GC Heap History (20 events):
Event: 0.740 GC heap before
{Heap before GC invocations=2 (full 0):
 garbage-first heap   total 129024K, used 84638K [0x0000000080000000, 0x0000000100000000)
  region size 1024K, 75 young (76800K), 5 survivors (5120K)
 Metaspace       used 4633K, committed 4800K, reserved 1114112K
  class space    used 562K, committed 640K, reserved 1048576K
}
Event: 0.745 GC heap after
{Heap after GC invocations=3 (full 0):
 garbage-first heap   total 129024K, used 16178K [0x0000000080000000, 0x0000000100000000)
  region size 1024K, 10 young (10240K), 10 survivors (10240K)
 Metaspace       used 4633K, committed 4800K, reserved 1114112K
  class space    used 562K, committed 640K, reserved 1048576K
}
Event: 1.383 GC heap before
{Heap before GC invocations=3 (full 0):
 garbage-first heap   total 129024K, used 82738K [0x0000000080000000, 0x0000000100000000)
  region size 1024K, 75 young (76800K), 10 survivors (10240K)
 Metaspace       used 15204K, committed 15424K, reserved 1114112K
  class space    used 2095K, committed 2176K, reserved 1048576K
}
Event: 1.388 GC heap after
{Heap after GC invocations=4 (full 0):
 garbage-first heap   total 129024K, used 21303K [0x0000000080000000, 0x0000000100000000)
  region size 1024K, 10 young (10240K), 10 survivors (10240K)
 Metaspace       used 15204K, committed 15424K, reserved 1114112K
  class space    used 2095K, committed 2176K, reserved 1048576K
}
Event: 1.861 GC heap before
{Heap before GC invocations=4 (full 0):
 garbage-first heap   total 129024K, used 75575K [0x0000000080000000, 0x0000000100000000)
  region size 1024K, 64 young (65536K), 10 survivors (10240K)
 Metaspace       used 21146K, committed 21504K, reserved 1114112K
  class space    used 3076K, committed 3264K, reserved 1048576K
}
Event: 1.865 GC heap after
{Heap after GC invocations=5 (full 0):
 garbage-first heap   total 129024K, used 24311K [0x0000000080000000, 0x0000000100000000)
  region size 1024K, 9 young (9216K), 9 survivors (9216K)
 Metaspace       used 21146K, committed 21504K, reserved 1114112K
  class space    used 3076K, committed 3264K, reserved 1048576K
}
Event: 2.270 GC heap before
{Heap before GC invocations=6 (full 0):
 garbage-first heap   total 89088K, used 68343K [0x0000000080000000, 0x0000000100000000)
  region size 1024K, 52 young (53248K), 9 survivors (9216K)
 Metaspace       used 28095K, committed 28416K, reserved 1114112K
  class space    used 3962K, committed 4096K, reserved 1048576K
}
Event: 2.276 GC heap after
{Heap after GC invocations=7 (full 0):
 garbage-first heap   total 107520K, used 27576K [0x0000000080000000, 0x0000000100000000)
  region size 1024K, 7 young (7168K), 7 survivors (7168K)
 Metaspace       used 28095K, committed 28416K, reserved 1114112K
  class space    used 3962K, committed 4096K, reserved 1048576K
}
Event: 2.286 GC heap before
{Heap before GC invocations=7 (full 0):
 garbage-first heap   total 107520K, used 27576K [0x0000000080000000, 0x0000000100000000)
  region size 1024K, 8 young (8192K), 7 survivors (7168K)
 Metaspace       used 28245K, committed 28672K, reserved 1114112K
  class space    used 3975K, committed 4160K, reserved 1048576K
}
Event: 2.289 GC heap after
{Heap after GC invocations=8 (full 0):
 garbage-first heap   total 107520K, used 28120K [0x0000000080000000, 0x0000000100000000)
  region size 1024K, 1 young (1024K), 1 survivors (1024K)
 Metaspace       used 28245K, committed 28672K, reserved 1114112K
  class space    used 3975K, committed 4160K, reserved 1048576K
}
Event: 2.534 GC heap before
{Heap before GC invocations=8 (full 0):
 garbage-first heap   total 107520K, used 82392K [0x0000000080000000, 0x0000000100000000)
  region size 1024K, 53 young (54272K), 1 survivors (1024K)
 Metaspace       used 31874K, committed 32320K, reserved 1114112K
  class space    used 4344K, committed 4544K, reserved 1048576K
}
Event: 2.536 GC heap after
{Heap after GC invocations=9 (full 0):
 garbage-first heap   total 107520K, used 29687K [0x0000000080000000, 0x0000000100000000)
  region size 1024K, 3 young (3072K), 3 survivors (3072K)
 Metaspace       used 31874K, committed 32320K, reserved 1114112K
  class space    used 4344K, committed 4544K, reserved 1048576K
}
Event: 2.835 GC heap before
{Heap before GC invocations=9 (full 0):
 garbage-first heap   total 107520K, used 81911K [0x0000000080000000, 0x0000000100000000)
  region size 1024K, 54 young (55296K), 3 survivors (3072K)
 Metaspace       used 34781K, committed 35264K, reserved 1114112K
  class space    used 4813K, committed 5056K, reserved 1048576K
}
Event: 2.837 GC heap after
{Heap after GC invocations=10 (full 0):
 garbage-first heap   total 107520K, used 31579K [0x0000000080000000, 0x0000000100000000)
  region size 1024K, 5 young (5120K), 5 survivors (5120K)
 Metaspace       used 34781K, committed 35264K, reserved 1114112K
  class space    used 4813K, committed 5056K, reserved 1048576K
}
Event: 2.882 GC heap before
{Heap before GC invocations=10 (full 0):
 garbage-first heap   total 107520K, used 37723K [0x0000000080000000, 0x0000000100000000)
  region size 1024K, 12 young (12288K), 5 survivors (5120K)
 Metaspace       used 35574K, committed 35968K, reserved 1114112K
  class space    used 4925K, committed 5120K, reserved 1048576K
}
Event: 2.884 GC heap after
{Heap after GC invocations=11 (full 0):
 garbage-first heap   total 107520K, used 32240K [0x0000000080000000, 0x0000000100000000)
  region size 1024K, 3 young (3072K), 3 survivors (3072K)
 Metaspace       used 35574K, committed 35968K, reserved 1114112K
  class space    used 4925K, committed 5120K, reserved 1048576K
}
Event: 3.303 GC heap before
{Heap before GC invocations=12 (full 0):
 garbage-first heap   total 107520K, used 85488K [0x0000000080000000, 0x0000000100000000)
  region size 1024K, 55 young (56320K), 3 survivors (3072K)
 Metaspace       used 41546K, committed 42048K, reserved 1114112K
  class space    used 5835K, committed 6080K, reserved 1048576K
}
Event: 3.306 GC heap after
{Heap after GC invocations=13 (full 0):
 garbage-first heap   total 107520K, used 33709K [0x0000000080000000, 0x0000000100000000)
  region size 1024K, 5 young (5120K), 5 survivors (5120K)
 Metaspace       used 41546K, committed 42048K, reserved 1114112K
  class space    used 5835K, committed 6080K, reserved 1048576K
}
Event: 3.812 GC heap before
{Heap before GC invocations=13 (full 0):
 garbage-first heap   total 107520K, used 85933K [0x0000000080000000, 0x0000000100000000)
  region size 1024K, 56 young (57344K), 5 survivors (5120K)
 Metaspace       used 47465K, committed 48064K, reserved 1114112K
  class space    used 6745K, committed 7040K, reserved 1048576K
}
Event: 3.816 GC heap after
{Heap after GC invocations=14 (full 0):
 garbage-first heap   total 107520K, used 36459K [0x0000000080000000, 0x0000000100000000)
  region size 1024K, 5 young (5120K), 5 survivors (5120K)
 Metaspace       used 47465K, committed 48064K, reserved 1114112K
  class space    used 6745K, committed 7040K, reserved 1048576K
}

