# JRE version: OpenJDK Runtime Environment Temurin-17.0.17+10 (17.0.17+10) (build 17.0.17+10)
# Java VM: OpenJDK 64-Bit Server VM Temurin-17.0.17+10 (17.0.17+10, mixed mode, sharing, tiered, compressed oops, compressed class ptrs, g1 gc, windows-amd64)
GC Precious Log:
 CPUs: 12 total, 12 available
 Memory: 7963M
 Large Page Support: Disabled
 NUMA Support: Disabled
 Compressed Oops: Enabled (32-bit)
 Heap Region Size: 1M
 Heap Min Capacity: 8M
 Heap Initial Capacity: 126M
 Heap Max Capacity: 2G
 Pre-touch: Disabled
 Parallel Workers: 10
 Concurrent Workers: 3
 Concurrent Refinement Workers: 10
 Periodic GC: Disabled
Heap:
 garbage-first heap   total 389120K, used 321143K [0x0000000080000000, 0x0000000100000000)
  region size 1024K, 177 young (181248K), 5 survivors (5120K)
 Metaspace       used 148063K, committed 149184K, reserved 1179648K
  class space    used 19008K, committed 19520K, reserved 1048576K
GC Heap History (20 events):
Event: 566.944 GC heap before
{Heap before GC invocations=34 (full 0):
 garbage-first heap   total 323584K, used 265152K [0x0000000080000000, 0x0000000100000000)
  region size 1024K, 158 young (161792K), 20 survivors (20480K)
 Metaspace       used 112616K, committed 113536K, reserved 1179648K
  class space    used 15365K, committed 15808K, reserved 1048576K
}
Event: 566.978 GC heap after
{Heap after GC invocations=35 (full 0):
 garbage-first heap   total 323584K, used 135405K [0x0000000080000000, 0x0000000100000000)
  region size 1024K, 19 young (19456K), 19 survivors (19456K)
 Metaspace       used 112616K, committed 113536K, reserved 1179648K
  class space    used 15365K, committed 15808K, reserved 1048576K
}
Event: 567.689 GC heap before
{Heap before GC invocations=35 (full 0):
 garbage-first heap   total 323584K, used 259309K [0x0000000080000000, 0x0000000100000000)
  region size 1024K, 139 young (142336K), 19 survivors (19456K)
 Metaspace       used 122257K, committed 123264K, reserved 1179648K
  class space    used 16543K, committed 17024K, reserved 1048576K
}
Event: 567.706 GC heap after
{Heap after GC invocations=36 (full 0):
 garbage-first heap   total 323584K, used 143561K [0x0000000080000000, 0x0000000100000000)
  region size 1024K, 9 young (9216K), 9 survivors (9216K)
 Metaspace       used 122257K, committed 123264K, reserved 1179648K
  class space    used 16543K, committed 17024K, reserved 1048576K
}
Event: 567.748 GC heap before
{Heap before GC invocations=36 (full 0):
 garbage-first heap   total 323584K, used 147657K [0x0000000080000000, 0x0000000100000000)
  region size 1024K, 14 young (14336K), 9 survivors (9216K)
 Metaspace       used 122695K, committed 123648K, reserved 1179648K
  class space    used 16596K, committed 17088K, reserved 1048576K
}
Event: 567.755 GC heap after
{Heap after GC invocations=37 (full 0):
 garbage-first heap   total 323584K, used 142241K [0x0000000080000000, 0x0000000100000000)
  region size 1024K, 8 young (8192K), 8 survivors (8192K)
 Metaspace       used 122695K, committed 123648K, reserved 1179648K
  class space    used 16596K, committed 17088K, reserved 1048576K
}
Event: 568.967 GC heap before
{Heap before GC invocations=38 (full 0):
 garbage-first heap   total 323584K, used 264097K [0x0000000080000000, 0x0000000100000000)
  region size 1024K, 128 young (131072K), 8 survivors (8192K)
 Metaspace       used 137569K, committed 138624K, reserved 1179648K
  class space    used 18239K, committed 18752K, reserved 1048576K
}
Event: 568.984 GC heap after
{Heap after GC invocations=39 (full 0):
 garbage-first heap   total 323584K, used 147143K [0x0000000080000000, 0x0000000100000000)
  region size 1024K, 14 young (14336K), 14 survivors (14336K)
 Metaspace       used 137569K, committed 138624K, reserved 1179648K
  class space    used 18239K, committed 18752K, reserved 1048576K
}
Event: 568.997 GC heap before
{Heap before GC invocations=39 (full 0):
 garbage-first heap   total 323584K, used 147143K [0x0000000080000000, 0x0000000100000000)
  region size 1024K, 15 young (15360K), 14 survivors (14336K)
 Metaspace       used 137755K, committed 138816K, reserved 1179648K
  class space    used 18253K, committed 18752K, reserved 1048576K
}
Event: 569.040 GC heap after
{Heap after GC invocations=40 (full 0):
 garbage-first heap   total 323584K, used 144663K [0x0000000080000000, 0x0000000100000000)
  region size 1024K, 2 young (2048K), 2 survivors (2048K)
 Metaspace       used 137755K, committed 138816K, reserved 1179648K
  class space    used 18253K, committed 18752K, reserved 1048576K
}
Event: 569.842 GC heap before
{Heap before GC invocations=40 (full 0):
 garbage-first heap   total 323584K, used 267543K [0x0000000080000000, 0x0000000100000000)
  region size 1024K, 121 young (123904K), 2 survivors (2048K)
 Metaspace       used 142725K, committed 143744K, reserved 1179648K
  class space    used 18729K, committed 19200K, reserved 1048576K
}
Event: 569.848 GC heap after
{Heap after GC invocations=41 (full 0):
 garbage-first heap   total 323584K, used 153211K [0x0000000080000000, 0x0000000100000000)
  region size 1024K, 11 young (11264K), 11 survivors (11264K)
 Metaspace       used 142725K, committed 143744K, reserved 1179648K
  class space    used 18729K, committed 19200K, reserved 1048576K
}
Event: 571.189 GC heap before
{Heap before GC invocations=42 (full 0):
 garbage-first heap   total 323584K, used 263803K [0x0000000080000000, 0x0000000100000000)
  region size 1024K, 120 young (122880K), 11 survivors (11264K)
 Metaspace       used 146679K, committed 147776K, reserved 1179648K
  class space    used 18980K, committed 19520K, reserved 1048576K
}
Event: 571.196 GC heap after
{Heap after GC invocations=43 (full 0):
 garbage-first heap   total 323584K, used 143614K [0x0000000080000000, 0x0000000100000000)
  region size 1024K, 6 young (6144K), 6 survivors (6144K)
 Metaspace       used 146679K, committed 147776K, reserved 1179648K
  class space    used 18980K, committed 19520K, reserved 1048576K
}
Event: 571.295 GC heap before
{Heap before GC invocations=43 (full 0):
 garbage-first heap   total 323584K, used 151806K [0x0000000080000000, 0x0000000100000000)
  region size 1024K, 15 young (15360K), 6 survivors (6144K)
 Metaspace       used 146699K, committed 147840K, reserved 1179648K
  class space    used 18980K, committed 19520K, reserved 1048576K
}
Event: 571.308 GC heap after
{Heap after GC invocations=44 (full 0):
 garbage-first heap   total 389120K, used 141165K [0x0000000080000000, 0x0000000100000000)
  region size 1024K, 2 young (2048K), 2 survivors (2048K)
 Metaspace       used 146699K, committed 147840K, reserved 1179648K
  class space    used 18980K, committed 19520K, reserved 1048576K
}
Event: 608.153 GC heap before
{Heap before GC invocations=44 (full 0):
 garbage-first heap   total 389120K, used 319341K [0x0000000080000000, 0x0000000100000000)
  region size 1024K, 174 young (178176K), 2 survivors (2048K)
 Metaspace       used 147153K, committed 148288K, reserved 1179648K
  class space    used 18990K, committed 19520K, reserved 1048576K
}
Event: 608.171 GC heap after
{Heap after GC invocations=45 (full 0):
 garbage-first heap   total 389120K, used 146360K [0x0000000080000000, 0x0000000100000000)
  region size 1024K, 7 young (7168K), 7 survivors (7168K)
 Metaspace       used 147153K, committed 148288K, reserved 1179648K
  class space    used 18990K, committed 19520K, reserved 1048576K
}
Event: 623.682 GC heap before
{Heap before GC invocations=45 (full 0):
 garbage-first heap   total 389120K, used 321464K [0x0000000080000000, 0x0000000100000000)
  region size 1024K, 176 young (180224K), 7 survivors (7168K)
 Metaspace       used 147707K, committed 148864K, reserved 1179648K
  class space    used 18996K, committed 19520K, reserved 1048576K
}
Event: 623.686 GC heap after
{Heap after GC invocations=46 (full 0):
 garbage-first heap   total 389120K, used 143991K [0x0000000080000000, 0x0000000100000000)
  region size 1024K, 5 young (5120K), 5 survivors (5120K)
 Metaspace       used 147707K, committed 148864K, reserved 1179648K
  class space    used 18996K, committed 19520K, reserved 1048576K
}

