# JRE version: OpenJDK Runtime Environment JBR-17.0.14+1-1367.22-nomod (17.0.14+1) (build 17.0.14+1-b1367.22)
# Java VM: OpenJDK 64-Bit Server VM JBR-17.0.14+1-1367.22-nomod (17.0.14+1-b1367.22, mixed mode, sharing, tiered, compressed oops, compressed class ptrs, g1 gc, windows-amd64)
GC Precious Log:
 CPUs: 12 total, 12 available
 Memory: 7963M
 Large Page Support: Disabled
 NUMA Support: Disabled
 Compressed Oops: Enabled (32-bit)
 Heap Region Size: 1M
 Heap Min Capacity: 8M
 Heap Initial Capacity: 126M
 Heap Max Capacity: 2G
 Pre-touch: Disabled
 Parallel Workers: 10
 Concurrent Workers: 3
 Concurrent Refinement Workers: 10
 Periodic GC: Disabled
Heap:
 garbage-first heap   total 182272K, used 93585K [0x0000000080000000, 0x0000000100000000)
  region size 1024K, 25 young (25600K), 3 survivors (3072K)
 Metaspace       used 38088K, committed 38592K, reserved 1114112K
  class space    used 5463K, committed 5696K, reserved 1048576K
GC Heap History (20 events):
Event: 18.552 GC heap before
{Heap before GC invocations=7 (full 0):
 garbage-first heap   total 86016K, used 41323K [0x0000000080000000, 0x0000000100000000)
  region size 1024K, 7 young (7168K), 6 survivors (6144K)
 Metaspace       used 24402K, committed 24768K, reserved 1114112K
  class space    used 3751K, committed 3904K, reserved 1048576K
}
Event: 18.555 GC heap after
{Heap after GC invocations=8 (full 0):
 garbage-first heap   total 86016K, used 41984K [0x0000000080000000, 0x0000000100000000)
  region size 1024K, 1 young (1024K), 1 survivors (1024K)
 Metaspace       used 24402K, committed 24768K, reserved 1114112K
  class space    used 3751K, committed 3904K, reserved 1048576K
}
Event: 18.587 GC heap before
{Heap before GC invocations=8 (full 0):
 garbage-first heap   total 86016K, used 43008K [0x0000000080000000, 0x0000000100000000)
  region size 1024K, 3 young (3072K), 1 survivors (1024K)
 Metaspace       used 24538K, committed 24896K, reserved 1114112K
  class space    used 3771K, committed 3968K, reserved 1048576K
}
Event: 18.588 GC heap after
{Heap after GC invocations=9 (full 0):
 garbage-first heap   total 86016K, used 41243K [0x0000000080000000, 0x0000000100000000)
  region size 1024K, 1 young (1024K), 1 survivors (1024K)
 Metaspace       used 24538K, committed 24896K, reserved 1114112K
  class space    used 3771K, committed 3968K, reserved 1048576K
}
Event: 18.814 GC heap before
{Heap before GC invocations=10 (full 0):
 garbage-first heap   total 86016K, used 46363K [0x0000000080000000, 0x0000000100000000)
  region size 1024K, 6 young (6144K), 1 survivors (1024K)
 Metaspace       used 24944K, committed 25344K, reserved 1114112K
  class space    used 3850K, committed 4032K, reserved 1048576K
}
Event: 18.815 GC heap after
{Heap after GC invocations=11 (full 0):
 garbage-first heap   total 86016K, used 42622K [0x0000000080000000, 0x0000000100000000)
  region size 1024K, 1 young (1024K), 1 survivors (1024K)
 Metaspace       used 24944K, committed 25344K, reserved 1114112K
  class space    used 3850K, committed 4032K, reserved 1048576K
}
Event: 18.844 GC heap before
{Heap before GC invocations=12 (full 0):
 garbage-first heap   total 86016K, used 49790K [0x0000000080000000, 0x0000000100000000)
  region size 1024K, 2 young (2048K), 1 survivors (1024K)
 Metaspace       used 24945K, committed 25344K, reserved 1114112K
  class space    used 3850K, committed 4032K, reserved 1048576K
}
Event: 18.845 GC heap after
{Heap after GC invocations=13 (full 0):
 garbage-first heap   total 86016K, used 49851K [0x0000000080000000, 0x0000000100000000)
  region size 1024K, 1 young (1024K), 1 survivors (1024K)
 Metaspace       used 24945K, committed 25344K, reserved 1114112K
  class space    used 3850K, committed 4032K, reserved 1048576K
}
Event: 18.870 GC heap before
{Heap before GC invocations=14 (full 0):
 garbage-first heap   total 92160K, used 53947K [0x0000000080000000, 0x0000000100000000)
  region size 1024K, 2 young (2048K), 1 survivors (1024K)
 Metaspace       used 24946K, committed 25344K, reserved 1114112K
  class space    used 3850K, committed 4032K, reserved 1048576K
}
Event: 18.871 GC heap after
{Heap after GC invocations=15 (full 0):
 garbage-first heap   total 118784K, used 54382K [0x0000000080000000, 0x0000000100000000)
  region size 1024K, 2 young (2048K), 2 survivors (2048K)
 Metaspace       used 24946K, committed 25344K, reserved 1114112K
  class space    used 3850K, committed 4032K, reserved 1048576K
}
Event: 19.652 GC heap before
{Heap before GC invocations=15 (full 0):
 garbage-first heap   total 118784K, used 56430K [0x0000000080000000, 0x0000000100000000)
  region size 1024K, 4 young (4096K), 2 survivors (2048K)
 Metaspace       used 24960K, committed 25408K, reserved 1114112K
  class space    used 3850K, committed 4032K, reserved 1048576K
}
Event: 19.654 GC heap after
{Heap after GC invocations=16 (full 0):
 garbage-first heap   total 118784K, used 58440K [0x0000000080000000, 0x0000000100000000)
  region size 1024K, 4 young (4096K), 4 survivors (4096K)
 Metaspace       used 24960K, committed 25408K, reserved 1114112K
  class space    used 3850K, committed 4032K, reserved 1048576K
}
Event: 19.940 GC heap before
{Heap before GC invocations=17 (full 0):
 garbage-first heap   total 118784K, used 79944K [0x0000000080000000, 0x0000000100000000)
  region size 1024K, 24 young (24576K), 4 survivors (4096K)
 Metaspace       used 27595K, committed 27968K, reserved 1114112K
  class space    used 4237K, committed 4416K, reserved 1048576K
}
Event: 19.942 GC heap after
{Heap after GC invocations=18 (full 0):
 garbage-first heap   total 118784K, used 60050K [0x0000000080000000, 0x0000000100000000)
  region size 1024K, 3 young (3072K), 3 survivors (3072K)
 Metaspace       used 27595K, committed 27968K, reserved 1114112K
  class space    used 4237K, committed 4416K, reserved 1048576K
}
Event: 20.145 GC heap before
{Heap before GC invocations=18 (full 0):
 garbage-first heap   total 118784K, used 80530K [0x0000000080000000, 0x0000000100000000)
  region size 1024K, 24 young (24576K), 3 survivors (3072K)
 Metaspace       used 30446K, committed 30912K, reserved 1114112K
  class space    used 4618K, committed 4864K, reserved 1048576K
}
Event: 20.147 GC heap after
{Heap after GC invocations=19 (full 0):
 garbage-first heap   total 118784K, used 61703K [0x0000000080000000, 0x0000000100000000)
  region size 1024K, 3 young (3072K), 3 survivors (3072K)
 Metaspace       used 30446K, committed 30912K, reserved 1114112K
  class space    used 4618K, committed 4864K, reserved 1048576K
}
Event: 20.330 GC heap before
{Heap before GC invocations=20 (full 0):
 garbage-first heap   total 118784K, used 84231K [0x0000000080000000, 0x0000000100000000)
  region size 1024K, 26 young (26624K), 3 survivors (3072K)
 Metaspace       used 34299K, committed 34752K, reserved 1114112K
  class space    used 5016K, committed 5248K, reserved 1048576K
}
Event: 20.334 GC heap after
{Heap after GC invocations=21 (full 0):
 garbage-first heap   total 118784K, used 64984K [0x0000000080000000, 0x0000000100000000)
  region size 1024K, 4 young (4096K), 4 survivors (4096K)
 Metaspace       used 34299K, committed 34752K, reserved 1114112K
  class space    used 5016K, committed 5248K, reserved 1048576K
}
Event: 20.486 GC heap before
{Heap before GC invocations=21 (full 0):
 garbage-first heap   total 118784K, used 84440K [0x0000000080000000, 0x0000000100000000)
  region size 1024K, 25 young (25600K), 4 survivors (4096K)
 Metaspace       used 35178K, committed 35648K, reserved 1114112K
  class space    used 5127K, committed 5376K, reserved 1048576K
}
Event: 20.489 GC heap after
{Heap after GC invocations=22 (full 0):
 garbage-first heap   total 182272K, used 66961K [0x0000000080000000, 0x0000000100000000)
  region size 1024K, 3 young (3072K), 3 survivors (3072K)
 Metaspace       used 35178K, committed 35648K, reserved 1114112K
  class space    used 5127K, committed 5376K, reserved 1048576K
}

