# JRE version: OpenJDK Runtime Environment Temurin-21.0.9+10 (21.0.9+10) (build 21.0.9+10-LTS)
# Java VM: OpenJDK 64-Bit Server VM Temurin-21.0.9+10 (21.0.9+10-LTS, mixed mode, sharing, tiered, compressed oops, compressed class ptrs, parallel gc, windows-amd64)
GC Precious Log:
 CardTable entry size: 512
 CPUs: 12 total, 12 available
 Memory: 7963M
 Large Page Support: Disabled
 NUMA Support: Disabled
 Compressed Oops: Enabled (32-bit)
 Alignments: Space 512K, Generation 512K, Heap 2M
 Heap Min Capacity: 100M
 Heap Initial Capacity: 100M
 Heap Max Capacity: 2G
 Pre-touch: Disabled
 Parallel Workers: 10
Heap:
 PSYoungGen      total 10752K, used 5300K [0x00000000d5580000, 0x00000000d6200000, 0x0000000100000000)
  eden space 8704K, 43% used [0x00000000d5580000,0x00000000d592bfd8,0x00000000d5e00000)
  from space 2048K, 75% used [0x00000000d5e00000,0x00000000d5f81150,0x00000000d6000000)
  to   space 2048K, 0% used [0x00000000d6000000,0x00000000d6000000,0x00000000d6200000)
 ParOldGen       total 283648K, used 283393K [0x0000000080000000, 0x0000000091500000, 0x00000000d5580000)
  object space 283648K, 99% used [0x0000000080000000,0x00000000914c0638,0x0000000091500000)
 Metaspace       used 64261K, committed 65728K, reserved 1114112K
  class space    used 7961K, committed 8576K, reserved 1048576K
GC Heap History (20 events):
Event: 15.307 GC heap before
{Heap before GC invocations=234 (full 3):
 PSYoungGen      total 10240K, used 10126K [0x00000000d5580000, 0x00000000d6100000, 0x0000000100000000)
  eden space 8704K, 99% used [0x00000000d5580000,0x00000000d5dffff8,0x00000000d5e00000)
  from space 1536K, 92% used [0x00000000d5f80000,0x00000000d60e3970,0x00000000d6100000)
  to   space 1536K, 0% used [0x00000000d5e00000,0x00000000d5e00000,0x00000000d5f80000)
 ParOldGen       total 267776K, used 267394K [0x0000000080000000, 0x0000000090580000, 0x00000000d5580000)
  object space 267776K, 99% used [0x0000000080000000,0x0000000090520840,0x0000000090580000)
 Metaspace       used 62652K, committed 64000K, reserved 1114112K
  class space    used 7715K, committed 8256K, reserved 1048576K
}
Event: 15.309 GC heap after
{Heap after GC invocations=234 (full 3):
 PSYoungGen      total 10240K, used 1271K [0x00000000d5580000, 0x00000000d6100000, 0x0000000100000000)
  eden space 8704K, 0% used [0x00000000d5580000,0x00000000d5580000,0x00000000d5e00000)
  from space 1536K, 82% used [0x00000000d5e00000,0x00000000d5f3dff0,0x00000000d5f80000)
  to   space 1536K, 0% used [0x00000000d5f80000,0x00000000d5f80000,0x00000000d6100000)
 ParOldGen       total 268800K, used 268632K [0x0000000080000000, 0x0000000090680000, 0x00000000d5580000)
  object space 268800K, 99% used [0x0000000080000000,0x00000000906563b8,0x0000000090680000)
 Metaspace       used 62652K, committed 64000K, reserved 1114112K
  class space    used 7715K, committed 8256K, reserved 1048576K
}
Event: 15.325 GC heap before
{Heap before GC invocations=235 (full 3):
 PSYoungGen      total 10240K, used 9975K [0x00000000d5580000, 0x00000000d6100000, 0x0000000100000000)
  eden space 8704K, 100% used [0x00000000d5580000,0x00000000d5e00000,0x00000000d5e00000)
  from space 1536K, 82% used [0x00000000d5e00000,0x00000000d5f3dff0,0x00000000d5f80000)
  to   space 1536K, 0% used [0x00000000d5f80000,0x00000000d5f80000,0x00000000d6100000)
 ParOldGen       total 268800K, used 268632K [0x0000000080000000, 0x0000000090680000, 0x00000000d5580000)
  object space 268800K, 99% used [0x0000000080000000,0x00000000906563b8,0x0000000090680000)
 Metaspace       used 62652K, committed 64000K, reserved 1114112K
  class space    used 7715K, committed 8256K, reserved 1048576K
}
Event: 15.326 GC heap after
{Heap after GC invocations=235 (full 3):
 PSYoungGen      total 10240K, used 1364K [0x00000000d5580000, 0x00000000d6100000, 0x0000000100000000)
  eden space 8704K, 0% used [0x00000000d5580000,0x00000000d5580000,0x00000000d5e00000)
  from space 1536K, 88% used [0x00000000d5f80000,0x00000000d60d5148,0x00000000d6100000)
  to   space 1536K, 0% used [0x00000000d5e00000,0x00000000d5e00000,0x00000000d5f80000)
 ParOldGen       total 269824K, used 269730K [0x0000000080000000, 0x0000000090780000, 0x00000000d5580000)
  object space 269824K, 99% used [0x0000000080000000,0x0000000090768880,0x0000000090780000)
 Metaspace       used 62652K, committed 64000K, reserved 1114112K
  class space    used 7715K, committed 8256K, reserved 1048576K
}
Event: 15.347 GC heap before
{Heap before GC invocations=236 (full 3):
 PSYoungGen      total 10240K, used 10068K [0x00000000d5580000, 0x00000000d6100000, 0x0000000100000000)
  eden space 8704K, 100% used [0x00000000d5580000,0x00000000d5e00000,0x00000000d5e00000)
  from space 1536K, 88% used [0x00000000d5f80000,0x00000000d60d5148,0x00000000d6100000)
  to   space 1536K, 0% used [0x00000000d5e00000,0x00000000d5e00000,0x00000000d5f80000)
 ParOldGen       total 269824K, used 269730K [0x0000000080000000, 0x0000000090780000, 0x00000000d5580000)
  object space 269824K, 99% used [0x0000000080000000,0x0000000090768880,0x0000000090780000)
 Metaspace       used 62652K, committed 64000K, reserved 1114112K
  class space    used 7715K, committed 8256K, reserved 1048576K
}
Event: 15.348 GC heap after
{Heap after GC invocations=236 (full 3):
 PSYoungGen      total 10240K, used 1532K [0x00000000d5580000, 0x00000000d6400000, 0x0000000100000000)
  eden space 8704K, 0% used [0x00000000d5580000,0x00000000d5580000,0x00000000d5e00000)
  from space 1536K, 99% used [0x00000000d5e00000,0x00000000d5f7f000,0x00000000d5f80000)
  to   space 3072K, 0% used [0x00000000d6100000,0x00000000d6100000,0x00000000d6400000)
 ParOldGen       total 271360K, used 270946K [0x0000000080000000, 0x0000000090900000, 0x00000000d5580000)
  object space 271360K, 99% used [0x0000000080000000,0x0000000090898988,0x0000000090900000)
 Metaspace       used 62652K, committed 64000K, reserved 1114112K
  class space    used 7715K, committed 8256K, reserved 1048576K
}
Event: 15.376 GC heap before
{Heap before GC invocations=237 (full 3):
 PSYoungGen      total 10240K, used 10236K [0x00000000d5580000, 0x00000000d6400000, 0x0000000100000000)
  eden space 8704K, 100% used [0x00000000d5580000,0x00000000d5e00000,0x00000000d5e00000)
  from space 1536K, 99% used [0x00000000d5e00000,0x00000000d5f7f000,0x00000000d5f80000)
  to   space 3072K, 0% used [0x00000000d6100000,0x00000000d6100000,0x00000000d6400000)
 ParOldGen       total 271360K, used 270946K [0x0000000080000000, 0x0000000090900000, 0x00000000d5580000)
  object space 271360K, 99% used [0x0000000080000000,0x0000000090898a40,0x0000000090900000)
 Metaspace       used 62714K, committed 64064K, reserved 1114112K
  class space    used 7722K, committed 8256K, reserved 1048576K
}
Event: 15.379 GC heap after
{Heap after GC invocations=237 (full 3):
 PSYoungGen      total 10752K, used 1824K [0x00000000d5580000, 0x00000000d6300000, 0x0000000100000000)
  eden space 8704K, 0% used [0x00000000d5580000,0x00000000d5580000,0x00000000d5e00000)
  from space 2048K, 89% used [0x00000000d6100000,0x00000000d62c8108,0x00000000d6300000)
  to   space 2560K, 0% used [0x00000000d5e00000,0x00000000d5e00000,0x00000000d6080000)
 ParOldGen       total 272384K, used 272327K [0x0000000080000000, 0x0000000090a00000, 0x00000000d5580000)
  object space 272384K, 99% used [0x0000000080000000,0x00000000909f1e58,0x0000000090a00000)
 Metaspace       used 62714K, committed 64064K, reserved 1114112K
  class space    used 7722K, committed 8256K, reserved 1048576K
}
Event: 15.403 GC heap before
{Heap before GC invocations=238 (full 3):
 PSYoungGen      total 10752K, used 10528K [0x00000000d5580000, 0x00000000d6300000, 0x0000000100000000)
  eden space 8704K, 100% used [0x00000000d5580000,0x00000000d5e00000,0x00000000d5e00000)
  from space 2048K, 89% used [0x00000000d6100000,0x00000000d62c8108,0x00000000d6300000)
  to   space 2560K, 0% used [0x00000000d5e00000,0x00000000d5e00000,0x00000000d6080000)
 ParOldGen       total 272384K, used 272331K [0x0000000080000000, 0x0000000090a00000, 0x00000000d5580000)
  object space 272384K, 99% used [0x0000000080000000,0x00000000909f2cb0,0x0000000090a00000)
 Metaspace       used 62889K, committed 64256K, reserved 1114112K
  class space    used 7758K, committed 8320K, reserved 1048576K
}
Event: 15.406 GC heap after
{Heap after GC invocations=238 (full 3):
 PSYoungGen      total 10752K, used 1745K [0x00000000d5580000, 0x00000000d6200000, 0x0000000100000000)
  eden space 8704K, 0% used [0x00000000d5580000,0x00000000d5580000,0x00000000d5e00000)
  from space 2048K, 85% used [0x00000000d5e00000,0x00000000d5fb4420,0x00000000d6000000)
  to   space 2048K, 0% used [0x00000000d6000000,0x00000000d6000000,0x00000000d6200000)
 ParOldGen       total 274432K, used 273982K [0x0000000080000000, 0x0000000090c00000, 0x00000000d5580000)
  object space 274432K, 99% used [0x0000000080000000,0x0000000090b8f810,0x0000000090c00000)
 Metaspace       used 62889K, committed 64256K, reserved 1114112K
  class space    used 7758K, committed 8320K, reserved 1048576K
}
Event: 15.436 GC heap before
{Heap before GC invocations=239 (full 3):
 PSYoungGen      total 10752K, used 10449K [0x00000000d5580000, 0x00000000d6200000, 0x0000000100000000)
  eden space 8704K, 100% used [0x00000000d5580000,0x00000000d5e00000,0x00000000d5e00000)
  from space 2048K, 85% used [0x00000000d5e00000,0x00000000d5fb4420,0x00000000d6000000)
  to   space 2048K, 0% used [0x00000000d6000000,0x00000000d6000000,0x00000000d6200000)
 ParOldGen       total 274432K, used 273982K [0x0000000080000000, 0x0000000090c00000, 0x00000000d5580000)
  object space 274432K, 99% used [0x0000000080000000,0x0000000090b8f810,0x0000000090c00000)
 Metaspace       used 63125K, committed 64512K, reserved 1114112K
  class space    used 7783K, committed 8384K, reserved 1048576K
}
Event: 15.439 GC heap after
{Heap after GC invocations=239 (full 3):
 PSYoungGen      total 10752K, used 1885K [0x00000000d5580000, 0x00000000d6200000, 0x0000000100000000)
  eden space 8704K, 0% used [0x00000000d5580000,0x00000000d5580000,0x00000000d5e00000)
  from space 2048K, 92% used [0x00000000d6000000,0x00000000d61d74b8,0x00000000d6200000)
  to   space 2048K, 0% used [0x00000000d5e00000,0x00000000d5e00000,0x00000000d6000000)
 ParOldGen       total 275968K, used 275584K [0x0000000080000000, 0x0000000090d80000, 0x00000000d5580000)
  object space 275968K, 99% used [0x0000000080000000,0x0000000090d201c8,0x0000000090d80000)
 Metaspace       used 63125K, committed 64512K, reserved 1114112K
  class space    used 7783K, committed 8384K, reserved 1048576K
}
Event: 15.461 GC heap before
{Heap before GC invocations=240 (full 3):
 PSYoungGen      total 10752K, used 10589K [0x00000000d5580000, 0x00000000d6200000, 0x0000000100000000)
  eden space 8704K, 100% used [0x00000000d5580000,0x00000000d5e00000,0x00000000d5e00000)
  from space 2048K, 92% used [0x00000000d6000000,0x00000000d61d74b8,0x00000000d6200000)
  to   space 2048K, 0% used [0x00000000d5e00000,0x00000000d5e00000,0x00000000d6000000)
 ParOldGen       total 275968K, used 275584K [0x0000000080000000, 0x0000000090d80000, 0x00000000d5580000)
  object space 275968K, 99% used [0x0000000080000000,0x0000000090d201c8,0x0000000090d80000)
 Metaspace       used 63362K, committed 64704K, reserved 1114112K
  class space    used 7818K, committed 8384K, reserved 1048576K
}
Event: 15.465 GC heap after
{Heap after GC invocations=240 (full 3):
 PSYoungGen      total 10752K, used 1826K [0x00000000d5580000, 0x00000000d6200000, 0x0000000100000000)
  eden space 8704K, 0% used [0x00000000d5580000,0x00000000d5580000,0x00000000d5e00000)
  from space 2048K, 89% used [0x00000000d5e00000,0x00000000d5fc8bd8,0x00000000d6000000)
  to   space 2048K, 0% used [0x00000000d6000000,0x00000000d6000000,0x00000000d6200000)
 ParOldGen       total 277504K, used 277315K [0x0000000080000000, 0x0000000090f00000, 0x00000000d5580000)
  object space 277504K, 99% used [0x0000000080000000,0x0000000090ed0d88,0x0000000090f00000)
 Metaspace       used 63362K, committed 64704K, reserved 1114112K
  class space    used 7818K, committed 8384K, reserved 1048576K
}
Event: 15.487 GC heap before
{Heap before GC invocations=241 (full 3):
 PSYoungGen      total 10752K, used 10530K [0x00000000d5580000, 0x00000000d6200000, 0x0000000100000000)
  eden space 8704K, 100% used [0x00000000d5580000,0x00000000d5e00000,0x00000000d5e00000)
  from space 2048K, 89% used [0x00000000d5e00000,0x00000000d5fc8bd8,0x00000000d6000000)
  to   space 2048K, 0% used [0x00000000d6000000,0x00000000d6000000,0x00000000d6200000)
 ParOldGen       total 277504K, used 277315K [0x0000000080000000, 0x0000000090f00000, 0x00000000d5580000)
  object space 277504K, 99% used [0x0000000080000000,0x0000000090ed0d88,0x0000000090f00000)
 Metaspace       used 63593K, committed 64960K, reserved 1114112K
  class space    used 7850K, committed 8448K, reserved 1048576K
}
Event: 15.489 GC heap after
{Heap after GC invocations=241 (full 3):
 PSYoungGen      total 10752K, used 1737K [0x00000000d5580000, 0x00000000d6200000, 0x0000000100000000)
  eden space 8704K, 0% used [0x00000000d5580000,0x00000000d5580000,0x00000000d5e00000)
  from space 2048K, 84% used [0x00000000d6000000,0x00000000d61b26b8,0x00000000d6200000)
  to   space 2048K, 0% used [0x00000000d5e00000,0x00000000d5e00000,0x00000000d6000000)
 ParOldGen       total 279040K, used 278960K [0x0000000080000000, 0x0000000091080000, 0x00000000d5580000)
  object space 279040K, 99% used [0x0000000080000000,0x000000009106c278,0x0000000091080000)
 Metaspace       used 63593K, committed 64960K, reserved 1114112K
  class space    used 7850K, committed 8448K, reserved 1048576K
}
Event: 15.510 GC heap before
{Heap before GC invocations=242 (full 3):
 PSYoungGen      total 10752K, used 10441K [0x00000000d5580000, 0x00000000d6200000, 0x0000000100000000)
  eden space 8704K, 100% used [0x00000000d5580000,0x00000000d5e00000,0x00000000d5e00000)
  from space 2048K, 84% used [0x00000000d6000000,0x00000000d61b26b8,0x00000000d6200000)
  to   space 2048K, 0% used [0x00000000d5e00000,0x00000000d5e00000,0x00000000d6000000)
 ParOldGen       total 279040K, used 278960K [0x0000000080000000, 0x0000000091080000, 0x00000000d5580000)
  object space 279040K, 99% used [0x0000000080000000,0x000000009106c278,0x0000000091080000)
 Metaspace       used 63812K, committed 65216K, reserved 1114112K
  class space    used 7885K, committed 8512K, reserved 1048576K
}
Event: 15.513 GC heap after
{Heap after GC invocations=242 (full 3):
 PSYoungGen      total 10752K, used 1571K [0x00000000d5580000, 0x00000000d6200000, 0x0000000100000000)
  eden space 8704K, 0% used [0x00000000d5580000,0x00000000d5580000,0x00000000d5e00000)
  from space 2048K, 76% used [0x00000000d5e00000,0x00000000d5f88d80,0x00000000d6000000)
  to   space 2048K, 0% used [0x00000000d6000000,0x00000000d6000000,0x00000000d6200000)
 ParOldGen       total 280576K, used 280508K [0x0000000080000000, 0x0000000091200000, 0x00000000d5580000)
  object space 280576K, 99% used [0x0000000080000000,0x00000000911ef070,0x0000000091200000)
 Metaspace       used 63812K, committed 65216K, reserved 1114112K
  class space    used 7885K, committed 8512K, reserved 1048576K
}
Event: 15.530 GC heap before
{Heap before GC invocations=243 (full 3):
 PSYoungGen      total 10752K, used 10275K [0x00000000d5580000, 0x00000000d6200000, 0x0000000100000000)
  eden space 8704K, 100% used [0x00000000d5580000,0x00000000d5e00000,0x00000000d5e00000)
  from space 2048K, 76% used [0x00000000d5e00000,0x00000000d5f88d80,0x00000000d6000000)
  to   space 2048K, 0% used [0x00000000d6000000,0x00000000d6000000,0x00000000d6200000)
 ParOldGen       total 280576K, used 280508K [0x0000000080000000, 0x0000000091200000, 0x00000000d5580000)
  object space 280576K, 99% used [0x0000000080000000,0x00000000911ef070,0x0000000091200000)
 Metaspace       used 63971K, committed 65344K, reserved 1114112K
  class space    used 7914K, committed 8512K, reserved 1048576K
}
Event: 15.533 GC heap after
{Heap after GC invocations=243 (full 3):
 PSYoungGen      total 10752K, used 1580K [0x00000000d5580000, 0x00000000d6200000, 0x0000000100000000)
  eden space 8704K, 0% used [0x00000000d5580000,0x00000000d5580000,0x00000000d5e00000)
  from space 2048K, 77% used [0x00000000d6000000,0x00000000d618b3b8,0x00000000d6200000)
  to   space 2048K, 0% used [0x00000000d5e00000,0x00000000d5e00000,0x00000000d6000000)
 ParOldGen       total 282112K, used 281954K [0x0000000080000000, 0x0000000091380000, 0x00000000d5580000)
  object space 282112K, 99% used [0x0000000080000000,0x00000000913589e0,0x0000000091380000)
 Metaspace       used 63971K, committed 65344K, reserved 1114112K
  class space    used 7914K, committed 8512K, reserved 1048576K
}

