# JRE version: OpenJDK Runtime Environment JBR-17.0.14+1-1367.22-nomod (17.0.14+1) (build 17.0.14+1-b1367.22)
# Java VM: OpenJDK 64-Bit Server VM JBR-17.0.14+1-1367.22-nomod (17.0.14+1-b1367.22, mixed mode, sharing, tiered, compressed oops, compressed class ptrs, g1 gc, windows-amd64)
GC Precious Log:
 CPUs: 12 total, 12 available
 Memory: 7963M
 Large Page Support: Disabled
 NUMA Support: Disabled
 Compressed Oops: Enabled (32-bit)
 Heap Region Size: 1M
 Heap Min Capacity: 8M
 Heap Initial Capacity: 126M
 Heap Max Capacity: 2G
 Pre-touch: Disabled
 Parallel Workers: 10
 Concurrent Workers: 3
 Concurrent Refinement Workers: 10
 Periodic GC: Disabled
Heap:
 garbage-first heap   total 329728K, used 152444K [0x0000000080000000, 0x0000000100000000)
  region size 1024K, 3 young (3072K), 3 survivors (3072K)
 Metaspace       used 51766K, committed 52416K, reserved 1114112K
  class space    used 7493K, committed 7808K, reserved 1048576K
GC Heap History (20 events):
Event: 7.331 GC heap after
{Heap after GC invocations=17 (full 0):
 garbage-first heap   total 153600K, used 64569K [0x0000000080000000, 0x0000000100000000)
  region size 1024K, 9 young (9216K), 9 survivors (9216K)
 Metaspace       used 50237K, committed 50752K, reserved 1114112K
  class space    used 7328K, committed 7552K, reserved 1048576K
}
Event: 7.411 GC heap before
{Heap before GC invocations=17 (full 0):
 garbage-first heap   total 153600K, used 126009K [0x0000000080000000, 0x0000000100000000)
  region size 1024K, 69 young (70656K), 9 survivors (9216K)
 Metaspace       used 50346K, committed 50816K, reserved 1114112K
  class space    used 7348K, committed 7552K, reserved 1048576K
}
Event: 7.415 GC heap after
{Heap after GC invocations=18 (full 0):
 garbage-first heap   total 153600K, used 66942K [0x0000000080000000, 0x0000000100000000)
  region size 1024K, 7 young (7168K), 7 survivors (7168K)
 Metaspace       used 50346K, committed 50816K, reserved 1114112K
  class space    used 7348K, committed 7552K, reserved 1048576K
}
Event: 7.500 GC heap before
{Heap before GC invocations=18 (full 0):
 garbage-first heap   total 153600K, used 125310K [0x0000000080000000, 0x0000000100000000)
  region size 1024K, 65 young (66560K), 7 survivors (7168K)
 Metaspace       used 50346K, committed 50816K, reserved 1114112K
  class space    used 7348K, committed 7552K, reserved 1048576K
}
Event: 7.504 GC heap after
{Heap after GC invocations=19 (full 0):
 garbage-first heap   total 193536K, used 69850K [0x0000000080000000, 0x0000000100000000)
  region size 1024K, 6 young (6144K), 6 survivors (6144K)
 Metaspace       used 50346K, committed 50816K, reserved 1114112K
  class space    used 7348K, committed 7552K, reserved 1048576K
}
Event: 7.611 GC heap before
{Heap before GC invocations=19 (full 0):
 garbage-first heap   total 193536K, used 158938K [0x0000000080000000, 0x0000000100000000)
  region size 1024K, 94 young (96256K), 6 survivors (6144K)
 Metaspace       used 50346K, committed 50816K, reserved 1114112K
  class space    used 7348K, committed 7552K, reserved 1048576K
}
Event: 7.615 GC heap after
{Heap after GC invocations=20 (full 0):
 garbage-first heap   total 193536K, used 74142K [0x0000000080000000, 0x0000000100000000)
  region size 1024K, 10 young (10240K), 10 survivors (10240K)
 Metaspace       used 50346K, committed 50816K, reserved 1114112K
  class space    used 7348K, committed 7552K, reserved 1048576K
}
Event: 7.690 GC heap before
{Heap before GC invocations=20 (full 0):
 garbage-first heap   total 193536K, used 161182K [0x0000000080000000, 0x0000000100000000)
  region size 1024K, 95 young (97280K), 10 survivors (10240K)
 Metaspace       used 50348K, committed 50816K, reserved 1114112K
  class space    used 7349K, committed 7552K, reserved 1048576K
}
Event: 7.695 GC heap after
{Heap after GC invocations=21 (full 0):
 garbage-first heap   total 193536K, used 78711K [0x0000000080000000, 0x0000000100000000)
  region size 1024K, 10 young (10240K), 10 survivors (10240K)
 Metaspace       used 50348K, committed 50816K, reserved 1114112K
  class space    used 7349K, committed 7552K, reserved 1048576K
}
Event: 7.865 GC heap before
{Heap before GC invocations=21 (full 0):
 garbage-first heap   total 193536K, used 159607K [0x0000000080000000, 0x0000000100000000)
  region size 1024K, 90 young (92160K), 10 survivors (10240K)
 Metaspace       used 50388K, committed 50880K, reserved 1114112K
  class space    used 7349K, committed 7552K, reserved 1048576K
}
Event: 7.870 GC heap after
{Heap after GC invocations=22 (full 0):
 garbage-first heap   total 193536K, used 78826K [0x0000000080000000, 0x0000000100000000)
  region size 1024K, 11 young (11264K), 11 survivors (11264K)
 Metaspace       used 50388K, committed 50880K, reserved 1114112K
  class space    used 7349K, committed 7552K, reserved 1048576K
}
Event: 8.081 GC heap before
{Heap before GC invocations=22 (full 0):
 garbage-first heap   total 193536K, used 158698K [0x0000000080000000, 0x0000000100000000)
  region size 1024K, 89 young (91136K), 11 survivors (11264K)
 Metaspace       used 50661K, committed 51136K, reserved 1114112K
  class space    used 7385K, committed 7616K, reserved 1048576K
}
Event: 8.094 GC heap after
{Heap after GC invocations=23 (full 0):
 garbage-first heap   total 274432K, used 92011K [0x0000000080000000, 0x0000000100000000)
  region size 1024K, 12 young (12288K), 12 survivors (12288K)
 Metaspace       used 50661K, committed 51136K, reserved 1114112K
  class space    used 7385K, committed 7616K, reserved 1048576K
}
Event: 8.351 GC heap before
{Heap before GC invocations=23 (full 0):
 garbage-first heap   total 274432K, used 217963K [0x0000000080000000, 0x0000000100000000)
  region size 1024K, 133 young (136192K), 12 survivors (12288K)
 Metaspace       used 51522K, committed 52032K, reserved 1114112K
  class space    used 7499K, committed 7744K, reserved 1048576K
}
Event: 8.377 GC heap after
{Heap after GC invocations=24 (full 0):
 garbage-first heap   total 274432K, used 120975K [0x0000000080000000, 0x0000000100000000)
  region size 1024K, 17 young (17408K), 17 survivors (17408K)
 Metaspace       used 51522K, committed 52032K, reserved 1114112K
  class space    used 7499K, committed 7744K, reserved 1048576K
}
Event: 8.515 GC heap before
{Heap before GC invocations=24 (full 0):
 garbage-first heap   total 274432K, used 211087K [0x0000000080000000, 0x0000000100000000)
  region size 1024K, 104 young (106496K), 17 survivors (17408K)
 Metaspace       used 51745K, committed 52352K, reserved 1114112K
  class space    used 7501K, committed 7808K, reserved 1048576K
}
Event: 8.537 GC heap after
{Heap after GC invocations=25 (full 0):
 garbage-first heap   total 274432K, used 137802K [0x0000000080000000, 0x0000000100000000)
  region size 1024K, 13 young (13312K), 13 survivors (13312K)
 Metaspace       used 51745K, committed 52352K, reserved 1114112K
  class space    used 7501K, committed 7808K, reserved 1048576K
}
Event: 8.571 GC heap before
{Heap before GC invocations=25 (full 0):
 garbage-first heap   total 274432K, used 167498K [0x0000000080000000, 0x0000000100000000)
  region size 1024K, 44 young (45056K), 13 survivors (13312K)
 Metaspace       used 51784K, committed 52416K, reserved 1114112K
  class space    used 7501K, committed 7808K, reserved 1048576K
}
Event: 8.592 GC heap after
{Heap after GC invocations=26 (full 0):
 garbage-first heap   total 274432K, used 146846K [0x0000000080000000, 0x0000000100000000)
  region size 1024K, 8 young (8192K), 8 survivors (8192K)
 Metaspace       used 51784K, committed 52416K, reserved 1114112K
  class space    used 7501K, committed 7808K, reserved 1048576K
}
Event: 8.789 GC heap before
{Heap before GC invocations=26 (full 0):
 garbage-first heap   total 329728K, used 216478K [0x0000000080000000, 0x0000000100000000)
  region size 1024K, 74 young (75776K), 8 survivors (8192K)
 Metaspace       used 51766K, committed 52416K, reserved 1114112K
  class space    used 7493K, committed 7808K, reserved 1048576K
}

