# JRE version: OpenJDK Runtime Environment JBR-17.0.14+1-1367.22-nomod (17.0.14+1) (build 17.0.14+1-b1367.22)
# Java VM: OpenJDK 64-Bit Server VM JBR-17.0.14+1-1367.22-nomod (17.0.14+1-b1367.22, mixed mode, sharing, tiered, compressed oops, compressed class ptrs, g1 gc, windows-amd64)
GC Precious Log:
 CPUs: 12 total, 12 available
 Memory: 7963M
 Large Page Support: Disabled
 NUMA Support: Disabled
 Compressed Oops: Enabled (32-bit)
 Heap Region Size: 1M
 Heap Min Capacity: 8M
 Heap Initial Capacity: 126M
 Heap Max Capacity: 2G
 Pre-touch: Disabled
 Parallel Workers: 10
 Concurrent Workers: 3
 Concurrent Refinement Workers: 10
 Periodic GC: Disabled
Heap:
 garbage-first heap   total 371712K, used 205294K [0x0000000080000000, 0x0000000100000000)
  region size 1024K, 124 young (126976K), 14 survivors (14336K)
 Metaspace       used 45988K, committed 46528K, reserved 1114112K
  class space    used 6731K, committed 6976K, reserved 1048576K
GC Heap History (20 events):
Event: 4.353 GC heap before
{Heap before GC invocations=22 (full 0):
 garbage-first heap   total 247808K, used 210200K [0x0000000080000000, 0x0000000100000000)
  region size 1024K, 131 young (134144K), 3 survivors (3072K)
 Metaspace       used 45970K, committed 46464K, reserved 1114112K
  class space    used 6731K, committed 6976K, reserved 1048576K
}
Event: 4.355 GC heap after
{Heap after GC invocations=23 (full 0):
 garbage-first heap   total 247808K, used 80072K [0x0000000080000000, 0x0000000100000000)
  region size 1024K, 4 young (4096K), 4 survivors (4096K)
 Metaspace       used 45970K, committed 46464K, reserved 1114112K
  class space    used 6731K, committed 6976K, reserved 1048576K
}
Event: 4.532 GC heap before
{Heap before GC invocations=23 (full 0):
 garbage-first heap   total 247808K, used 211144K [0x0000000080000000, 0x0000000100000000)
  region size 1024K, 132 young (135168K), 4 survivors (4096K)
 Metaspace       used 45971K, committed 46464K, reserved 1114112K
  class space    used 6731K, committed 6976K, reserved 1048576K
}
Event: 4.535 GC heap after
{Heap after GC invocations=24 (full 0):
 garbage-first heap   total 247808K, used 81442K [0x0000000080000000, 0x0000000100000000)
  region size 1024K, 6 young (6144K), 6 survivors (6144K)
 Metaspace       used 45971K, committed 46464K, reserved 1114112K
  class space    used 6731K, committed 6976K, reserved 1048576K
}
Event: 4.685 GC heap before
{Heap before GC invocations=24 (full 0):
 garbage-first heap   total 247808K, used 212514K [0x0000000080000000, 0x0000000100000000)
  region size 1024K, 134 young (137216K), 6 survivors (6144K)
 Metaspace       used 45977K, committed 46464K, reserved 1114112K
  class space    used 6731K, committed 6976K, reserved 1048576K
}
Event: 4.687 GC heap after
{Heap after GC invocations=25 (full 0):
 garbage-first heap   total 247808K, used 82707K [0x0000000080000000, 0x0000000100000000)
  region size 1024K, 7 young (7168K), 7 survivors (7168K)
 Metaspace       used 45977K, committed 46464K, reserved 1114112K
  class space    used 6731K, committed 6976K, reserved 1048576K
}
Event: 4.828 GC heap before
{Heap before GC invocations=25 (full 0):
 garbage-first heap   total 247808K, used 212755K [0x0000000080000000, 0x0000000100000000)
  region size 1024K, 134 young (137216K), 7 survivors (7168K)
 Metaspace       used 45977K, committed 46464K, reserved 1114112K
  class space    used 6731K, committed 6976K, reserved 1048576K
}
Event: 4.832 GC heap after
{Heap after GC invocations=26 (full 0):
 garbage-first heap   total 247808K, used 84537K [0x0000000080000000, 0x0000000100000000)
  region size 1024K, 9 young (9216K), 9 survivors (9216K)
 Metaspace       used 45977K, committed 46464K, reserved 1114112K
  class space    used 6731K, committed 6976K, reserved 1048576K
}
Event: 4.977 GC heap before
{Heap before GC invocations=26 (full 0):
 garbage-first heap   total 247808K, used 211513K [0x0000000080000000, 0x0000000100000000)
  region size 1024K, 133 young (136192K), 9 survivors (9216K)
 Metaspace       used 45977K, committed 46464K, reserved 1114112K
  class space    used 6731K, committed 6976K, reserved 1048576K
}
Event: 4.981 GC heap after
{Heap after GC invocations=27 (full 0):
 garbage-first heap   total 247808K, used 85325K [0x0000000080000000, 0x0000000100000000)
  region size 1024K, 9 young (9216K), 9 survivors (9216K)
 Metaspace       used 45977K, committed 46464K, reserved 1114112K
  class space    used 6731K, committed 6976K, reserved 1048576K
}
Event: 5.104 GC heap before
{Heap before GC invocations=27 (full 0):
 garbage-first heap   total 247808K, used 212301K [0x0000000080000000, 0x0000000100000000)
  region size 1024K, 133 young (136192K), 9 survivors (9216K)
 Metaspace       used 45982K, committed 46528K, reserved 1114112K
  class space    used 6731K, committed 6976K, reserved 1048576K
}
Event: 5.109 GC heap after
{Heap after GC invocations=28 (full 0):
 garbage-first heap   total 297984K, used 87016K [0x0000000080000000, 0x0000000100000000)
  region size 1024K, 11 young (11264K), 11 survivors (11264K)
 Metaspace       used 45982K, committed 46528K, reserved 1114112K
  class space    used 6731K, committed 6976K, reserved 1048576K
}
Event: 5.311 GC heap before
{Heap before GC invocations=28 (full 0):
 garbage-first heap   total 297984K, used 253928K [0x0000000080000000, 0x0000000100000000)
  region size 1024K, 174 young (178176K), 11 survivors (11264K)
 Metaspace       used 45983K, committed 46528K, reserved 1114112K
  class space    used 6731K, committed 6976K, reserved 1048576K
}
Event: 5.318 GC heap after
{Heap after GC invocations=29 (full 0):
 garbage-first heap   total 297984K, used 88312K [0x0000000080000000, 0x0000000100000000)
  region size 1024K, 12 young (12288K), 12 survivors (12288K)
 Metaspace       used 45983K, committed 46528K, reserved 1114112K
  class space    used 6731K, committed 6976K, reserved 1048576K
}
Event: 5.466 GC heap before
{Heap before GC invocations=29 (full 0):
 garbage-first heap   total 297984K, used 254200K [0x0000000080000000, 0x0000000100000000)
  region size 1024K, 174 young (178176K), 12 survivors (12288K)
 Metaspace       used 45983K, committed 46528K, reserved 1114112K
  class space    used 6731K, committed 6976K, reserved 1048576K
}
Event: 5.472 GC heap after
{Heap after GC invocations=30 (full 0):
 garbage-first heap   total 297984K, used 89862K [0x0000000080000000, 0x0000000100000000)
  region size 1024K, 14 young (14336K), 14 survivors (14336K)
 Metaspace       used 45983K, committed 46528K, reserved 1114112K
  class space    used 6731K, committed 6976K, reserved 1048576K
}
Event: 5.616 GC heap before
{Heap before GC invocations=30 (full 0):
 garbage-first heap   total 297984K, used 251654K [0x0000000080000000, 0x0000000100000000)
  region size 1024K, 172 young (176128K), 14 survivors (14336K)
 Metaspace       used 45983K, committed 46528K, reserved 1114112K
  class space    used 6731K, committed 6976K, reserved 1048576K
}
Event: 5.624 GC heap after
{Heap after GC invocations=31 (full 0):
 garbage-first heap   total 297984K, used 91588K [0x0000000080000000, 0x0000000100000000)
  region size 1024K, 14 young (14336K), 14 survivors (14336K)
 Metaspace       used 45983K, committed 46528K, reserved 1114112K
  class space    used 6731K, committed 6976K, reserved 1048576K
}
Event: 5.814 GC heap before
{Heap before GC invocations=31 (full 0):
 garbage-first heap   total 297984K, used 251332K [0x0000000080000000, 0x0000000100000000)
  region size 1024K, 170 young (174080K), 14 survivors (14336K)
 Metaspace       used 45986K, committed 46528K, reserved 1114112K
  class space    used 6731K, committed 6976K, reserved 1048576K
}
Event: 5.824 GC heap after
{Heap after GC invocations=32 (full 0):
 garbage-first heap   total 371712K, used 93678K [0x0000000080000000, 0x0000000100000000)
  region size 1024K, 14 young (14336K), 14 survivors (14336K)
 Metaspace       used 45986K, committed 46528K, reserved 1114112K
  class space    used 6731K, committed 6976K, reserved 1048576K
}

